d:\computer games technology\year 3\cmp305 pm\week 1\cmp305-wk1-1900264\cmp305_base\x64\debug\vc142.pdb
d:\computer games technology\year 3\cmp305 pm\week 1\cmp305-wk1-1900264\cmp305_base\x64\debug\vc142.idb
d:\computer games technology\year 3\cmp305 pm\week 1\cmp305-wk1-1900264\cmp305_base\x64\debug\main.obj
d:\computer games technology\year 3\cmp305 pm\week 1\cmp305-wk1-1900264\cmp305_base\x64\debug\lightshader.obj
d:\computer games technology\year 3\cmp305 pm\week 1\cmp305-wk1-1900264\cmp305_base\x64\debug\app1.obj
d:\computer games technology\year 3\cmp305 pm\week 2\cmp305-wk1-1900264\cmp305_base\x64\debug\vc142.pdb
d:\computer games technology\year 3\cmp305 pm\week 2\cmp305-wk1-1900264\cmp305_base\x64\debug\vc142.idb
d:\computer games technology\year 3\cmp305 pm\week 2\cmp305-wk1-1900264\cmp305_base\x64\debug\cperlinnoise.obj
d:\computer games technology\year 3\cmp305 pm\week 2\cmp305-wk1-1900264\cmp305_base\x64\debug\terrainmesh.obj
d:\computer games technology\year 3\cmp305 pm\week 2\cmp305-wk1-1900264\cmp305_base\x64\debug\perlinnoise.obj
d:\computer games technology\year 3\cmp305 pm\week 2\cmp305-wk1-1900264\cmp305_base\x64\debug\main.obj
d:\computer games technology\year 3\cmp305 pm\week 2\cmp305-wk1-1900264\cmp305_base\x64\debug\app1.obj
d:\computer games technology\year 3\cmp305 pm\week 2\cmp305-wk1-1900264\cmp305_base\x64\debug\lightshader.obj
d:\computer games technology\year 3\cmp305 pm\week 2\cmp305-wk1-1900264\cmp305_base\x64\debug\perlingpu.obj
d:\computer games technology\year 3\cmp305 pm\week 1\cmp305-wk1-1900264\cmp305_base\light_ps.cso
d:\computer games technology\year 3\cmp305 pm\week 1\cmp305-wk1-1900264\cmp305_base\light_vs.cso
d:\computer games technology\year 3\cmp305 pm\week 2\cmp305-wk1-1900264\cmp305_base\light_vs.cso
d:\computer games technology\year 3\cmp305 pm\week 2\cmp305-wk1-1900264\cmp305_base\light_ps.cso
d:\computer games technology\year 3\cmp305 pm\week 1\cmp305-wk1-1900264\x64\debug\cmp305_base.exe
d:\computer games technology\year 3\cmp305 pm\week 1\cmp305-wk1-1900264\cmp305_base\x64\debug\cmp305_base.ilk
d:\computer games technology\year 3\cmp305 pm\week 1\cmp305-wk1-1900264\x64\debug\cmp305_base.pdb
d:\computer games technology\year 3\cmp305 pm\week 2\cmp305-wk1-1900264\x64\debug\cmp305_base.exe
d:\computer games technology\year 3\cmp305 pm\week 2\cmp305-wk1-1900264\cmp305_base\x64\debug\cmp305_base.ilk
d:\computer games technology\year 3\cmp305 pm\week 2\cmp305-wk1-1900264\x64\debug\cmp305_base.pdb
d:\computer games technology\year 3\cmp305 pm\week 2\cmp305-wk1-1900264\cmp305_base\x64\debug\cmp305_base.tlog\cl.command.1.tlog
d:\computer games technology\year 3\cmp305 pm\week 2\cmp305-wk1-1900264\cmp305_base\x64\debug\cmp305_base.tlog\cl.read.1.tlog
d:\computer games technology\year 3\cmp305 pm\week 2\cmp305-wk1-1900264\cmp305_base\x64\debug\cmp305_base.tlog\cl.write.1.tlog
d:\computer games technology\year 3\cmp305 pm\week 2\cmp305-wk1-1900264\cmp305_base\x64\debug\cmp305_base.tlog\fxc.command.1.tlog
d:\computer games technology\year 3\cmp305 pm\week 2\cmp305-wk1-1900264\cmp305_base\x64\debug\cmp305_base.tlog\fxc.read.1.tlog
d:\computer games technology\year 3\cmp305 pm\week 2\cmp305-wk1-1900264\cmp305_base\x64\debug\cmp305_base.tlog\fxc.write.1.tlog
d:\computer games technology\year 3\cmp305 pm\week 2\cmp305-wk1-1900264\cmp305_base\x64\debug\cmp305_base.tlog\link.command.1.tlog
d:\computer games technology\year 3\cmp305 pm\week 2\cmp305-wk1-1900264\cmp305_base\x64\debug\cmp305_base.tlog\link.read.1.tlog
d:\computer games technology\year 3\cmp305 pm\week 2\cmp305-wk1-1900264\cmp305_base\x64\debug\cmp305_base.tlog\link.write.1.tlog
